INFO: 2021-01-29 18:32:53,212: main() 'Using profile folder /home/suvratam/.config/variety/'
INFO: 2021-01-29 18:32:53,223: perform_upgrade() 'Last run version was 0.8.5 or earlier, current version is 0.8.5'
INFO: 2021-01-29 18:32:53,785: process_command() 'Received command: []'
INFO: 2021-01-29 18:32:53,787: load_banned() 'Missing or invalid banned URLs list, no URLs will be banned'
INFO: 2021-01-29 18:32:53,868: start() 'Using data_path /usr/share/variety'
INFO: 2021-01-29 18:32:53,868: load() 'Jumble loading'
INFO: 2021-01-29 18:32:53,869: _walk_modules() 'Jumble loading module in __init__ from /usr/lib/python3.9/site-packages/variety/plugins/builtin/__init__.py'
INFO: 2021-01-29 18:32:53,870: _walk_modules() 'Jumble loading module in UnsplashDownloader from /usr/lib/python3.9/site-packages/variety/plugins/builtin/downloaders/UnsplashDownloader.py'
INFO: 2021-01-29 18:32:53,872: load() 'Jumble found plugin class: <class 'UnsplashDownloader.UnsplashDownloader'>: {'name': 'UnsplashDownloader', 'description': 'High-resolution photos from Unsplash.com', 'author': 'Peter Levi', 'version': '0.1'}'
INFO: 2021-01-29 18:32:53,873: _walk_modules() 'Jumble loading module in BingDownloader from /usr/lib/python3.9/site-packages/variety/plugins/builtin/downloaders/BingDownloader.py'
INFO: 2021-01-29 18:32:53,874: load() 'Jumble found plugin class: <class 'BingDownloader.BingDownloader'>: {'name': 'BingDownloader', 'description': 'Bing Photo of the Day', 'author': 'Peter Levi', 'version': '0.1'}'
INFO: 2021-01-29 18:32:53,875: _walk_modules() 'Jumble loading module in EarthviewDownloader from /usr/lib/python3.9/site-packages/variety/plugins/builtin/downloaders/EarthviewDownloader.py'
INFO: 2021-01-29 18:32:53,876: load() 'Jumble found plugin class: <class 'EarthviewDownloader.EarthviewDownloader'>: {'name': 'EarthviewDownloader', 'description': 'Google Earth View Wallpapers', 'author': 'Peter Levi', 'version': '0.1'}'
INFO: 2021-01-29 18:32:53,876: _walk_modules() 'Jumble loading module in __init__ from /usr/lib/python3.9/site-packages/variety/plugins/builtin/downloaders/__init__.py'
INFO: 2021-01-29 18:32:53,877: _walk_modules() 'Jumble loading module in MediaRSSSource from /usr/lib/python3.9/site-packages/variety/plugins/builtin/downloaders/MediaRSSSource.py'
INFO: 2021-01-29 18:32:53,880: load() 'Jumble found plugin class: <class 'MediaRSSSource.MediaRSSSource'>: {'name': 'MediaRSSSource', 'description': 'Configurable source for fetching images from MediaRSS feeds', 'author': 'Peter Levi', 'version': '0.1'}'
INFO: 2021-01-29 18:32:53,880: _walk_modules() 'Jumble loading module in RedditDownloader from /usr/lib/python3.9/site-packages/variety/plugins/builtin/downloaders/RedditDownloader.py'
INFO: 2021-01-29 18:32:53,881: _walk_modules() 'Jumble loading module in RedditSource from /usr/lib/python3.9/site-packages/variety/plugins/builtin/downloaders/RedditSource.py'
INFO: 2021-01-29 18:32:53,884: load() 'Jumble found plugin class: <class 'RedditSource.RedditSource'>: {'name': 'RedditSource', 'description': 'Configurable source for fetching images from Reddit', 'author': 'Peter Levi', 'version': '0.1'}'
INFO: 2021-01-29 18:32:53,884: _walk_modules() 'Jumble loading module in WallhavenDownloader from /usr/lib/python3.9/site-packages/variety/plugins/builtin/downloaders/WallhavenDownloader.py'
INFO: 2021-01-29 18:32:53,886: _walk_modules() 'Jumble loading module in WallhavenSource from /usr/lib/python3.9/site-packages/variety/plugins/builtin/downloaders/WallhavenSource.py'
INFO: 2021-01-29 18:32:53,888: load() 'Jumble found plugin class: <class 'WallhavenSource.WallhavenSource'>: {'name': 'WallhavenSource', 'description': 'Configurable source for fetching images from Wallhaven.cc', 'author': 'Peter Levi', 'version': '0.1'}'
INFO: 2021-01-29 18:32:53,888: _walk_modules() 'Jumble loading module in UnsplashConfigurableSource from /usr/lib/python3.9/site-packages/variety/plugins/builtin/downloaders/UnsplashConfigurableSource.py'
INFO: 2021-01-29 18:32:53,890: load() 'Jumble found plugin class: <class 'UnsplashConfigurableSource.UnsplashConfigurableSource'>: {'name': 'UnsplashConfigurableSource', 'description': 'Configurable source for fetching photos from Unsplash.com', 'author': 'Peter Levi', 'version': '0.1'}'
INFO: 2021-01-29 18:32:53,890: _walk_modules() 'Jumble loading module in APODDownloader from /usr/lib/python3.9/site-packages/variety/plugins/builtin/downloaders/APODDownloader.py'
INFO: 2021-01-29 18:32:53,891: load() 'Jumble found plugin class: <class 'APODDownloader.APODDownloader'>: {'name': 'APODDownloader', 'description': 'NASA Astro Pic of the Day', 'author': 'Peter Levi', 'version': '0.1'}'
INFO: 2021-01-29 18:32:53,892: _walk_modules() 'Jumble loading module in MediaRSSDownloader from /usr/lib/python3.9/site-packages/variety/plugins/builtin/downloaders/MediaRSSDownloader.py'
INFO: 2021-01-29 18:32:53,893: _walk_modules() 'Jumble loading module in LocalFilesSource from /usr/lib/python3.9/site-packages/variety/plugins/builtin/quotes/LocalFilesSource.py'
INFO: 2021-01-29 18:32:53,893: load() 'Jumble found plugin class: <class 'LocalFilesSource.LocalFilesSource'>: {'name': 'Local text files', 'description': 'Displays quotes, defined in local text files.\nPut your own txt files in: ~/.config/variety/pluginconfig/quotes/.\nThe file format is:\n\nquote -- author\n.\nsecond quote -- another author\n.\netc...\n\nExample: http://rvelthuis.de/zips/quotes.txt', 'author': 'Peter Levi', 'version': '0.1'}'
INFO: 2021-01-29 18:32:53,894: _walk_modules() 'Jumble loading module in QuotationsPageSource from /usr/lib/python3.9/site-packages/variety/plugins/builtin/quotes/QuotationsPageSource.py'
INFO: 2021-01-29 18:32:53,926: load() 'Jumble found plugin class: <class 'QuotationsPageSource.QuotationsPageSource'>: {'name': 'TheQuotationsPage.com', 'description': 'Fetches quotes from TheQuotationsPage.com', 'author': 'Peter Levi', 'version': '0.1'}'
INFO: 2021-01-29 18:32:53,926: _walk_modules() 'Jumble loading module in __init__ from /usr/lib/python3.9/site-packages/variety/plugins/builtin/quotes/__init__.py'
INFO: 2021-01-29 18:32:53,927: _walk_modules() 'Jumble loading module in FortuneSource from /usr/lib/python3.9/site-packages/variety/plugins/builtin/quotes/FortuneSource.py'
INFO: 2021-01-29 18:32:53,927: load() 'Jumble found plugin class: <class 'FortuneSource.FortuneSource'>: {'name': 'UNIX fortune program', 'description': 'Displays quotes using the UNIX fortune program. You may want to install additional fortune packs, e.g. fortunes-bofh-excuses.', 'author': 'Dan Jones', 'version': '0.1'}'
INFO: 2021-01-29 18:32:53,927: _walk_modules() 'Jumble loading module in GoodreadsSource from /usr/lib/python3.9/site-packages/variety/plugins/builtin/quotes/GoodreadsSource.py'
INFO: 2021-01-29 18:32:53,928: load() 'Jumble found plugin class: <class 'GoodreadsSource.GoodreadsSource'>: {'name': 'Goodreads', 'description': 'Fetches quotes from Goodreads.com', 'author': 'Peter Levi', 'version': '0.1'}'
INFO: 2021-01-29 18:32:53,928: _walk_modules() 'Jumble loading module in UrbanDictionarySource from /usr/lib/python3.9/site-packages/variety/plugins/builtin/quotes/UrbanDictionarySource.py'
INFO: 2021-01-29 18:32:53,928: load() 'Jumble found plugin class: <class 'UrbanDictionarySource.UrbanDictionarySource'>: {'name': 'Urban Dictionary', 'description': 'Displays definitions from Urban Dictionary', 'author': 'James Miller', 'version': '0.1'}'
INFO: 2021-01-29 18:32:54,032: log_options() 'Loaded options:'
INFO: 2021-01-29 18:32:54,033: log_options() 'change_enabled = False'
INFO: 2021-01-29 18:32:54,033: log_options() 'change_interval = 300'
INFO: 2021-01-29 18:32:54,033: log_options() 'change_on_start = False'
INFO: 2021-01-29 18:32:54,033: log_options() 'clipboard_enabled = False'
INFO: 2021-01-29 18:32:54,034: log_options() 'clipboard_hosts = ['wallhaven.cc', 'wallpapers.net', 'flickr.com', 'imgur.com', 'deviantart.com', 'interfacelift.com', 'vladstudio.com', 'imageshack.us', 'deviantart.net', 'imageshack.com']'
INFO: 2021-01-29 18:32:54,034: log_options() 'clipboard_use_whitelist = True'
INFO: 2021-01-29 18:32:54,034: log_options() 'clock_date_font = Ubuntu Condensed, 30'
INFO: 2021-01-29 18:32:54,034: log_options() 'clock_enabled = False'
INFO: 2021-01-29 18:32:54,034: log_options() 'clock_filter = -density 100 -font `fc-match -f '%{file[0]}' '%CLOCK_FONT_NAME'` -pointsize %CLOCK_FONT_SIZE -gravity SouthEast -fill '#00000044' -annotate 0x0+[%HOFFSET+58]+[%VOFFSET+108] '%H:%M' -fill white -annotate 0x0+[%HOFFSET+60]+[%VOFFSET+110] '%H:%M' -font `fc-match -f '%{file[0]}' '%DATE_FONT_NAME'` -pointsize %DATE_FONT_SIZE -fill '#00000044' -annotate 0x0+[%HOFFSET+58]+[%VOFFSET+58] '%A, %B %d' -fill white -annotate 0x0+[%HOFFSET+60]+[%VOFFSET+60] '%A, %B %d''
INFO: 2021-01-29 18:32:54,035: log_options() 'clock_font = Ubuntu Condensed, 70'
INFO: 2021-01-29 18:32:54,035: log_options() 'configfile = /home/suvratam/.config/variety/variety.conf'
INFO: 2021-01-29 18:32:54,035: log_options() 'copyto_enabled = False'
INFO: 2021-01-29 18:32:54,035: log_options() 'copyto_folder = Default'
INFO: 2021-01-29 18:32:54,035: log_options() 'desired_color = [160, 160, 160]'
INFO: 2021-01-29 18:32:54,035: log_options() 'desired_color_enabled = False'
INFO: 2021-01-29 18:32:54,036: log_options() 'download_folder = /home/suvratam/.config/variety/Downloaded'
INFO: 2021-01-29 18:32:54,036: log_options() 'download_preference_ratio = 0.9'
INFO: 2021-01-29 18:32:54,036: log_options() 'favorites_folder = /home/suvratam/.config/variety/Favorites'
INFO: 2021-01-29 18:32:54,036: log_options() 'favorites_operations = [['Downloaded', 'Copy'], ['Fetched', 'Move'], ['Others', 'Copy']]'
INFO: 2021-01-29 18:32:54,036: log_options() 'fetched_folder = /home/suvratam/.config/variety/Fetched'
INFO: 2021-01-29 18:32:54,037: log_options() 'filters = [[False, 'Keep original', ''], [False, 'Grayscale', '-type Grayscale'], [False, 'Heavy blur', '-blur 120x40'], [False, 'Soft blur', '-blur 20x7'], [False, 'Oil painting', '-paint 8'], [False, 'Pointilism', '-spread 10 -noise 3'], [False, 'Pixellate', '-scale 3% -scale 3333%']]'
INFO: 2021-01-29 18:32:54,037: log_options() 'icon = Light'
INFO: 2021-01-29 18:32:54,037: log_options() 'lightness_enabled = False'
INFO: 2021-01-29 18:32:54,037: log_options() 'lightness_mode = 0'
INFO: 2021-01-29 18:32:54,037: log_options() 'min_rating = 4'
INFO: 2021-01-29 18:32:54,038: log_options() 'min_rating_enabled = False'
INFO: 2021-01-29 18:32:54,038: log_options() 'min_size = 80'
INFO: 2021-01-29 18:32:54,038: log_options() 'min_size_enabled = True'
INFO: 2021-01-29 18:32:54,038: log_options() 'quota_enabled = True'
INFO: 2021-01-29 18:32:54,038: log_options() 'quota_size = 1000'
INFO: 2021-01-29 18:32:54,038: log_options() 'quotes_authors = '
INFO: 2021-01-29 18:32:54,039: log_options() 'quotes_bg_color = [80, 80, 80]'
INFO: 2021-01-29 18:32:54,039: log_options() 'quotes_bg_opacity = 55'
INFO: 2021-01-29 18:32:54,039: log_options() 'quotes_change_enabled = False'
INFO: 2021-01-29 18:32:54,039: log_options() 'quotes_change_interval = 300'
INFO: 2021-01-29 18:32:54,039: log_options() 'quotes_disabled_sources = ['Urban Dictionary']'
INFO: 2021-01-29 18:32:54,039: log_options() 'quotes_enabled = False'
INFO: 2021-01-29 18:32:54,040: log_options() 'quotes_favorites_file = /home/suvratam/.config/variety/favorite_quotes.txt'
INFO: 2021-01-29 18:32:54,040: log_options() 'quotes_font = Bitstream Charter 30'
INFO: 2021-01-29 18:32:54,040: log_options() 'quotes_hpos = 100'
INFO: 2021-01-29 18:32:54,040: log_options() 'quotes_max_length = 250'
INFO: 2021-01-29 18:32:54,040: log_options() 'quotes_tags = '
INFO: 2021-01-29 18:32:54,041: log_options() 'quotes_text_color = [255, 255, 255]'
INFO: 2021-01-29 18:32:54,041: log_options() 'quotes_text_shadow = False'
INFO: 2021-01-29 18:32:54,041: log_options() 'quotes_vpos = 40'
INFO: 2021-01-29 18:32:54,041: log_options() 'quotes_width = 70'
INFO: 2021-01-29 18:32:54,041: log_options() 'safe_mode = False'
INFO: 2021-01-29 18:32:54,042: log_options() 'slideshow_custom_enabled = False'
INFO: 2021-01-29 18:32:54,042: log_options() 'slideshow_custom_folder = /home/suvratam/Pictures'
INFO: 2021-01-29 18:32:54,042: log_options() 'slideshow_downloads_enabled = False'
INFO: 2021-01-29 18:32:54,042: log_options() 'slideshow_fade = 0.4'
INFO: 2021-01-29 18:32:54,042: log_options() 'slideshow_favorites_enabled = True'
INFO: 2021-01-29 18:32:54,042: log_options() 'slideshow_mode = Fullscreen'
INFO: 2021-01-29 18:32:54,043: log_options() 'slideshow_monitor = All'
INFO: 2021-01-29 18:32:54,043: log_options() 'slideshow_pan = 0.05'
INFO: 2021-01-29 18:32:54,043: log_options() 'slideshow_seconds = 6.0'
INFO: 2021-01-29 18:32:54,043: log_options() 'slideshow_sort_order = Random'
INFO: 2021-01-29 18:32:54,043: log_options() 'slideshow_sources_enabled = True'
INFO: 2021-01-29 18:32:54,043: log_options() 'slideshow_zoom = 0.2'
INFO: 2021-01-29 18:32:54,044: log_options() 'smart_enabled = False'
INFO: 2021-01-29 18:32:54,044: log_options() 'smart_notice_shown = False'
INFO: 2021-01-29 18:32:54,044: log_options() 'smart_register_shown = False'
INFO: 2021-01-29 18:32:54,044: log_options() 'sources = [[True, 'favorites', 'The Favorites folder'], [False, 'fetched', 'The Fetched folder'], [True, 'folder', '/usr/share/backgrounds'], [False, 'flickr', 'user:www.flickr.com/photos/peter-levi/;user_id:93647178@N00;'], [False, 'apod', "NASA's Astronomy Picture of the Day"], [False, 'bing', 'Bing Photo of the Day'], [False, 'earthview', 'Google Earth View Wallpapers'], [False, 'unsplash', 'High-resolution photos from Unsplash.com']]'
INFO: 2021-01-29 18:32:54,044: log_options() 'stats_enabled = True'
INFO: 2021-01-29 18:32:54,045: log_options() 'stats_notice_shown = False'
INFO: 2021-01-29 18:32:54,045: log_options() 'sync_enabled = True'
INFO: 2021-01-29 18:32:54,045: log_options() 'use_landscape_enabled = True'
INFO: 2021-01-29 18:32:54,045: reload_config() 'No need to clear prepared queue'
INFO: 2021-01-29 18:32:54,045: update_indicator() 'Setting file info to: /usr/share/backgrounds/gnome/adwaita-timed.xml'
INFO: 2021-01-29 18:32:54,106: load_last_change_time() 'Change interval < 6 hours, ignore persisted last_change_time, wait initially the whole interval: 300'
INFO: 2021-01-29 18:32:54,106: update_indicator() 'Setting file info to: /usr/share/backgrounds/gnome/adwaita-timed.xml'
INFO: 2021-01-29 18:32:54,108: regular_change_thread() 'regular_change thread running'
INFO: 2021-01-29 18:32:54,109: regular_change_thread() 'regular_change: waiting till user resumes'
INFO: 2021-01-29 18:32:54,109: prepare_thread() 'Prepare thread running'
INFO: 2021-01-29 18:32:54,111: prepare_thread() 'Prepared buffer contains 0 images'
INFO: 2021-01-29 18:32:54,112: prepare_thread() 'Preparing some images'
INFO: 2021-01-29 18:32:54,116: update_indicator_icon() 'Creating indicator'
WARNING: 2021-01-29 18:32:54,138: create_menu() 'Variety Slideshow is not installed. This is an optional extension adding pan-and-zoom slideshows to Variety: see https://github.com/peterlevi/variety-slideshow for details'
INFO: 2021-01-29 18:32:54,139: create_indicator() 'indicator backend: AppIndicator3'
INFO: 2021-01-29 18:32:54,177: set_from_theme_icon() 'Showing indicator icon variety-indicator from GTK theme'
INFO: 2021-01-29 18:32:54,207: do_set_wp() 'Calling do_set_wp with /usr/share/backgrounds/gnome/adwaita-timed.xml, time: 1611925374.2070727'
INFO: 2021-01-29 18:32:54,207: do_set_wp() 'Missing file or bad permissions, will not use it: /usr/share/backgrounds/gnome/adwaita-timed.xml'
INFO: 2021-01-29 18:32:54,332: prepare_thread() 'After search prepared buffer contains 19 images'
INFO: 2021-01-29 18:32:55,701: reload() 'Reloading preferences dialog'
INFO: 2021-01-29 18:32:56,333: trigger_download() 'Triggering download thread to check if download needed'
INFO: 2021-01-29 18:33:14,132: server_options_thread() 'Fetching server options from http://tiny.cc/variety-options-063'
INFO: 2021-01-29 18:33:16,852: server_options_thread() 'Fetched server options: {'flickr': {'min_fill_queue_interval': 1200, 'min_download_interval': 1200}, 'wallbase': {'min_fill_queue_interval': 1800, 'min_download_interval': 1800}, 'wallhaven': {'min_fill_queue_interval': 1800, 'min_download_interval': 1800}, 'wallpapers.net': {'min_fill_queue_interval': 601, 'min_download_interval': 0}, 'unsplash': {'min_fill_queue_interval': 20000000000, 'min_download_interval': 20000000000}, 'unsplash_v2': {'min_fill_queue_interval': 2000, 'min_download_interval': 1200}, 'status_message': {'0.0.1': '', '*': ''}}'
INFO: 2021-01-29 18:36:01,180: process_command() 'Received command: ['--preferences']'
INFO: 2021-01-29 18:36:01,183: reload() 'Reloading preferences dialog'
INFO: 2021-01-29 18:36:31,963: list_files() 'More than 1 files in the folders, stop listing'
INFO: 2021-01-29 18:36:31,966: update_indicator() 'Setting file info to: /usr/share/backgrounds/gnome/adwaita-timed.xml'
INFO: 2021-01-29 18:36:51,532: set_wallpaper() 'Calling set_wallpaper with /usr/share/backgrounds/arcolinux/sea-3992x2242.jpg'
INFO: 2021-01-29 18:36:51,534: do_set_wp() 'Calling do_set_wp with /usr/share/backgrounds/arcolinux/sea-3992x2242.jpg, time: 1611925611.5340676'
INFO: 2021-01-29 18:36:51,603: update_indicator() 'Setting file info to: /usr/share/backgrounds/arcolinux/sea-3992x2242.jpg'
INFO: 2021-01-29 18:36:55,579: set_wallpaper() 'Calling set_wallpaper with /usr/share/backgrounds/arcolinux/arco-wallpaper.jpg'
INFO: 2021-01-29 18:36:55,581: do_set_wp() 'Calling do_set_wp with /usr/share/backgrounds/arcolinux/arco-wallpaper.jpg, time: 1611925615.581416'
INFO: 2021-01-29 18:36:55,622: update_indicator() 'Setting file info to: /usr/share/backgrounds/arcolinux/arco-wallpaper.jpg'
INFO: 2021-01-29 18:36:56,077: set_wallpaper() 'Calling set_wallpaper with /usr/share/backgrounds/arcolinux/arco-wallpaper.jpg'
INFO: 2021-01-29 18:36:56,581: do_set_wp() 'Calling do_set_wp with /usr/share/backgrounds/arcolinux/arco-wallpaper.jpg, time: 1611925616.5818868'
INFO: 2021-01-29 18:36:57,122: update_indicator() 'Setting file info to: /usr/share/backgrounds/arcolinux/arco-wallpaper.jpg'
INFO: 2021-01-29 18:37:01,721: set_wallpaper() 'Calling set_wallpaper with /usr/share/backgrounds/arcolinux/yosemite-mountains-3250x1828.jpg'
INFO: 2021-01-29 18:37:01,723: do_set_wp() 'Calling do_set_wp with /usr/share/backgrounds/arcolinux/yosemite-mountains-3250x1828.jpg, time: 1611925621.723272'
INFO: 2021-01-29 18:37:01,768: update_indicator() 'Setting file info to: /usr/share/backgrounds/arcolinux/yosemite-mountains-3250x1828.jpg'
INFO: 2021-01-29 18:37:02,538: set_wallpaper() 'Calling set_wallpaper with /usr/share/backgrounds/arcolinux/bluez-7650x5120.jpg'
INFO: 2021-01-29 18:37:02,723: do_set_wp() 'Calling do_set_wp with /usr/share/backgrounds/arcolinux/bluez-7650x5120.jpg, time: 1611925622.7235355'
INFO: 2021-01-29 18:37:02,787: update_indicator() 'Setting file info to: /usr/share/backgrounds/arcolinux/bluez-7650x5120.jpg'
INFO: 2021-01-29 18:37:02,848: set_wallpaper() 'Calling set_wallpaper with /usr/share/backgrounds/arcolinux/galaxy-2560x1600.png'
INFO: 2021-01-29 18:37:03,152: set_wallpaper() 'Calling set_wallpaper with /usr/share/backgrounds/arcolinux/galaxy-2560x1600.png'
INFO: 2021-01-29 18:37:03,723: do_set_wp() 'Calling do_set_wp with /usr/share/backgrounds/arcolinux/galaxy-2560x1600.png, time: 1611925623.7237275'
INFO: 2021-01-29 18:37:04,117: update_indicator() 'Setting file info to: /usr/share/backgrounds/arcolinux/galaxy-2560x1600.png'
INFO: 2021-01-29 18:37:12,470: trigger_download() 'Triggering download thread to check if download needed'
INFO: 2021-01-29 18:37:13,476: set_wallpaper() 'Calling set_wallpaper with /usr/share/backgrounds/arcolinux/green-meadows-3360x1050.jpg'
INFO: 2021-01-29 18:37:13,477: do_set_wp() 'Calling do_set_wp with /usr/share/backgrounds/arcolinux/green-meadows-3360x1050.jpg, time: 1611925633.4777956'
INFO: 2021-01-29 18:37:13,553: update_indicator() 'Setting file info to: /usr/share/backgrounds/arcolinux/green-meadows-3360x1050.jpg'
INFO: 2021-01-29 18:37:31,859: set_wallpaper() 'Calling set_wallpaper with /usr/share/backgrounds/arcolinux/glorious-voyage-3840x2160.jpg'
INFO: 2021-01-29 18:37:31,861: do_set_wp() 'Calling do_set_wp with /usr/share/backgrounds/arcolinux/glorious-voyage-3840x2160.jpg, time: 1611925651.861324'
INFO: 2021-01-29 18:37:31,920: update_indicator() 'Setting file info to: /usr/share/backgrounds/arcolinux/glorious-voyage-3840x2160.jpg'
INFO: 2021-01-29 18:37:34,488: update_indicator() 'Setting file info to: /usr/share/backgrounds/arcolinux/glorious-voyage-3840x2160.jpg'
INFO: 2021-01-29 18:37:48,305: list_files() 'More than 1 files in the folders, stop listing'
INFO: 2021-01-29 18:37:48,306: update_indicator() 'Setting file info to: /usr/share/backgrounds/arcolinux/glorious-voyage-3840x2160.jpg'
INFO: 2021-01-29 18:37:53,960: set_wallpaper() 'Calling set_wallpaper with /usr/share/backgrounds/arcolinux/sea-whale.jpg'
INFO: 2021-01-29 18:37:53,961: do_set_wp() 'Calling do_set_wp with /usr/share/backgrounds/arcolinux/sea-whale.jpg, time: 1611925673.9615443'
INFO: 2021-01-29 18:37:54,009: update_indicator() 'Setting file info to: /usr/share/backgrounds/arcolinux/sea-whale.jpg'
INFO: 2021-01-29 18:37:56,302: update_indicator() 'Setting file info to: /usr/share/backgrounds/arcolinux/sea-whale.jpg'
INFO: 2021-01-29 18:39:20,390: reload() 'Reloading preferences dialog'
INFO: 2021-01-29 18:39:20,708: list_files() 'More than 1 files in the folders, stop listing'
INFO: 2021-01-29 18:39:25,903: update_indicator() 'Setting file info to: /usr/share/backgrounds/arcolinux/sea-whale.jpg'
INFO: 2021-01-29 18:40:20,890: apply() 'Applying preferences'
INFO: 2021-01-29 18:40:20,917: set_visible() 'Showing indicator icon'
INFO: 2021-01-29 18:40:20,918: log_options() 'Loaded options:'
INFO: 2021-01-29 18:40:20,919: log_options() 'change_enabled = False'
INFO: 2021-01-29 18:40:20,919: log_options() 'change_interval = 300'
INFO: 2021-01-29 18:40:20,919: log_options() 'change_on_start = False'
INFO: 2021-01-29 18:40:20,919: log_options() 'clipboard_enabled = False'
INFO: 2021-01-29 18:40:20,920: log_options() 'clipboard_hosts = ['wallhaven.cc', 'wallpapers.net', 'flickr.com', 'imgur.com', 'deviantart.com', 'interfacelift.com', 'vladstudio.com', 'imageshack.us', 'deviantart.net', 'imageshack.com']'
INFO: 2021-01-29 18:40:20,920: log_options() 'clipboard_use_whitelist = True'
INFO: 2021-01-29 18:40:20,920: log_options() 'clock_date_font = Ubuntu Condensed, 30'
INFO: 2021-01-29 18:40:20,920: set_from_theme_icon() 'Showing indicator icon variety-indicator from GTK theme'
INFO: 2021-01-29 18:40:20,921: log_options() 'clock_enabled = False'
INFO: 2021-01-29 18:40:20,921: log_options() 'clock_filter = -density 100 -font `fc-match -f '%{file[0]}' '%CLOCK_FONT_NAME'` -pointsize %CLOCK_FONT_SIZE -gravity SouthEast -fill '#00000044' -annotate 0x0+[%HOFFSET+58]+[%VOFFSET+108] '%H:%M' -fill white -annotate 0x0+[%HOFFSET+60]+[%VOFFSET+110] '%H:%M' -font `fc-match -f '%{file[0]}' '%DATE_FONT_NAME'` -pointsize %DATE_FONT_SIZE -fill '#00000044' -annotate 0x0+[%HOFFSET+58]+[%VOFFSET+58] '%A, %B %d' -fill white -annotate 0x0+[%HOFFSET+60]+[%VOFFSET+60] '%A, %B %d''
INFO: 2021-01-29 18:40:20,921: log_options() 'clock_font = Ubuntu Condensed, 70'
INFO: 2021-01-29 18:40:20,922: log_options() 'configfile = /home/suvratam/.config/variety/variety.conf'
INFO: 2021-01-29 18:40:20,922: log_options() 'copyto_enabled = False'
INFO: 2021-01-29 18:40:20,922: log_options() 'copyto_folder = Default'
INFO: 2021-01-29 18:40:20,922: log_options() 'desired_color = [160, 160, 160]'
INFO: 2021-01-29 18:40:20,922: log_options() 'desired_color_enabled = False'
INFO: 2021-01-29 18:40:20,922: log_options() 'download_folder = /home/suvratam/.config/variety/Downloaded'
INFO: 2021-01-29 18:40:20,923: log_options() 'download_preference_ratio = 0.9'
INFO: 2021-01-29 18:40:20,923: log_options() 'favorites_folder = /home/suvratam/.config/variety/Favorites'
INFO: 2021-01-29 18:40:20,923: log_options() 'favorites_operations = [['Downloaded', 'Copy'], ['Fetched', 'Move'], ['Others', 'Copy']]'
INFO: 2021-01-29 18:40:20,923: log_options() 'fetched_folder = /home/suvratam/.config/variety/Fetched'
INFO: 2021-01-29 18:40:20,923: log_options() 'filters = [[False, 'Keep original', ''], [False, 'Grayscale', '-type Grayscale'], [False, 'Heavy blur', '-blur 120x40'], [False, 'Soft blur', '-blur 20x7'], [False, 'Oil painting', '-paint 8'], [False, 'Pointilism', '-spread 10 -noise 3'], [False, 'Pixellate', '-scale 3% -scale 3333%']]'
INFO: 2021-01-29 18:40:20,923: log_options() 'icon = Light'
INFO: 2021-01-29 18:40:20,923: log_options() 'lightness_enabled = False'
INFO: 2021-01-29 18:40:20,924: log_options() 'lightness_mode = 0'
INFO: 2021-01-29 18:40:20,924: log_options() 'min_rating = 4'
INFO: 2021-01-29 18:40:20,924: log_options() 'min_rating_enabled = False'
INFO: 2021-01-29 18:40:20,924: log_options() 'min_size = 80'
INFO: 2021-01-29 18:40:20,924: log_options() 'min_size_enabled = True'
INFO: 2021-01-29 18:40:20,924: log_options() 'quota_enabled = True'
INFO: 2021-01-29 18:40:20,925: log_options() 'quota_size = 1000'
INFO: 2021-01-29 18:40:20,925: log_options() 'quotes_authors = '
INFO: 2021-01-29 18:40:20,925: log_options() 'quotes_bg_color = [80, 80, 80]'
INFO: 2021-01-29 18:40:20,925: log_options() 'quotes_bg_opacity = 55'
INFO: 2021-01-29 18:40:20,925: log_options() 'quotes_change_enabled = False'
INFO: 2021-01-29 18:40:20,925: log_options() 'quotes_change_interval = 300'
INFO: 2021-01-29 18:40:20,925: log_options() 'quotes_disabled_sources = ['Urban Dictionary']'
INFO: 2021-01-29 18:40:20,925: log_options() 'quotes_enabled = False'
INFO: 2021-01-29 18:40:20,926: log_options() 'quotes_favorites_file = /home/suvratam/.config/variety/favorite_quotes.txt'
INFO: 2021-01-29 18:40:20,926: log_options() 'quotes_font = Bitstream Charter 30'
INFO: 2021-01-29 18:40:20,926: log_options() 'quotes_hpos = 100'
INFO: 2021-01-29 18:40:20,926: log_options() 'quotes_max_length = 250'
INFO: 2021-01-29 18:40:20,926: log_options() 'quotes_tags = '
INFO: 2021-01-29 18:40:20,926: log_options() 'quotes_text_color = [255, 255, 255]'
INFO: 2021-01-29 18:40:20,926: log_options() 'quotes_text_shadow = False'
INFO: 2021-01-29 18:40:20,926: log_options() 'quotes_vpos = 40'
INFO: 2021-01-29 18:40:20,926: log_options() 'quotes_width = 70'
INFO: 2021-01-29 18:40:20,927: log_options() 'safe_mode = False'
INFO: 2021-01-29 18:40:20,927: log_options() 'slideshow_custom_enabled = False'
INFO: 2021-01-29 18:40:20,927: log_options() 'slideshow_custom_folder = /home/suvratam/Pictures'
INFO: 2021-01-29 18:40:20,927: log_options() 'slideshow_downloads_enabled = False'
INFO: 2021-01-29 18:40:20,927: log_options() 'slideshow_fade = 0.4'
INFO: 2021-01-29 18:40:20,927: log_options() 'slideshow_favorites_enabled = True'
INFO: 2021-01-29 18:40:20,927: log_options() 'slideshow_mode = Fullscreen'
INFO: 2021-01-29 18:40:20,927: log_options() 'slideshow_monitor = All'
INFO: 2021-01-29 18:40:20,927: log_options() 'slideshow_pan = 0.05'
INFO: 2021-01-29 18:40:20,927: log_options() 'slideshow_seconds = 6.0'
INFO: 2021-01-29 18:40:20,927: log_options() 'slideshow_sort_order = Random'
INFO: 2021-01-29 18:40:20,927: log_options() 'slideshow_sources_enabled = True'
INFO: 2021-01-29 18:40:20,927: log_options() 'slideshow_zoom = 0.2'
INFO: 2021-01-29 18:40:20,928: log_options() 'smart_enabled = False'
INFO: 2021-01-29 18:40:20,928: log_options() 'smart_notice_shown = False'
INFO: 2021-01-29 18:40:20,928: log_options() 'smart_register_shown = False'
INFO: 2021-01-29 18:40:20,928: log_options() 'sources = [[True, 'favorites', 'The Favorites folder'], [False, 'fetched', 'The Fetched folder'], [False, 'folder', '/usr/share/backgrounds'], [False, 'flickr', 'user:www.flickr.com/photos/peter-levi/;user_id:93647178@N00;'], [False, 'apod', "NASA's Astronomy Picture of the Day"], [False, 'bing', 'Bing Photo of the Day'], [False, 'earthview', 'Google Earth View Wallpapers'], [False, 'unsplash', 'High-resolution photos from Unsplash.com']]'
INFO: 2021-01-29 18:40:20,928: log_options() 'stats_enabled = True'
INFO: 2021-01-29 18:40:20,928: log_options() 'stats_notice_shown = False'
INFO: 2021-01-29 18:40:20,928: log_options() 'sync_enabled = True'
INFO: 2021-01-29 18:40:20,928: log_options() 'use_landscape_enabled = True'
INFO: 2021-01-29 18:40:20,928: clear_prepared_queue() 'Clearing prepared queue'
INFO: 2021-01-29 18:40:20,928: update_indicator() 'Setting file info to: /usr/share/backgrounds/arcolinux/sea-whale.jpg'
INFO: 2021-01-29 18:40:20,929: prepare_thread() 'Prepared buffer contains 0 images'
INFO: 2021-01-29 18:40:20,929: prepare_thread() 'Preparing some images'
INFO: 2021-01-29 18:40:20,929: prepare_thread() 'After search prepared buffer contains 0 images'
INFO: 2021-01-29 18:40:20,932: prepare_thread() 'Prepared buffer contains 0 images'
INFO: 2021-01-29 18:40:20,932: regular_change_thread() 'regular_change: waiting till user resumes'
INFO: 2021-01-29 18:40:20,932: prepare_thread() 'Preparing some images'
INFO: 2021-01-29 18:40:20,933: prepare_thread() 'After search prepared buffer contains 0 images'
INFO: 2021-01-29 18:40:21,034: do_set_wp() 'Calling do_set_wp with /usr/share/backgrounds/arcolinux/sea-whale.jpg, time: 1611925821.0343378'
INFO: 2021-01-29 18:40:21,057: update_indicator() 'Setting file info to: /usr/share/backgrounds/arcolinux/sea-whale.jpg'
INFO: 2021-01-29 18:40:22,931: trigger_download() 'Triggering download thread to check if download needed'
INFO: 2021-01-29 18:40:22,934: trigger_download() 'Triggering download thread to check if download needed'
INFO: 2021-01-29 18:40:38,930: trigger_download() 'Triggering download thread to check if download needed'
INFO: 2021-01-29 18:40:39,029: apply() 'Applying preferences'
INFO: 2021-01-29 18:40:39,036: set_visible() 'Showing indicator icon'
INFO: 2021-01-29 18:40:39,037: set_from_theme_icon() 'Showing indicator icon variety-indicator from GTK theme'
INFO: 2021-01-29 18:40:39,037: log_options() 'Loaded options:'
INFO: 2021-01-29 18:40:39,037: log_options() 'change_enabled = False'
INFO: 2021-01-29 18:40:39,037: log_options() 'change_interval = 300'
INFO: 2021-01-29 18:40:39,037: log_options() 'change_on_start = False'
INFO: 2021-01-29 18:40:39,037: log_options() 'clipboard_enabled = False'
INFO: 2021-01-29 18:40:39,037: log_options() 'clipboard_hosts = ['wallhaven.cc', 'wallpapers.net', 'flickr.com', 'imgur.com', 'deviantart.com', 'interfacelift.com', 'vladstudio.com', 'imageshack.us', 'deviantart.net', 'imageshack.com']'
INFO: 2021-01-29 18:40:39,037: log_options() 'clipboard_use_whitelist = True'
INFO: 2021-01-29 18:40:39,037: log_options() 'clock_date_font = Ubuntu Condensed, 30'
INFO: 2021-01-29 18:40:39,037: log_options() 'clock_enabled = False'
INFO: 2021-01-29 18:40:39,037: log_options() 'clock_filter = -density 100 -font `fc-match -f '%{file[0]}' '%CLOCK_FONT_NAME'` -pointsize %CLOCK_FONT_SIZE -gravity SouthEast -fill '#00000044' -annotate 0x0+[%HOFFSET+58]+[%VOFFSET+108] '%H:%M' -fill white -annotate 0x0+[%HOFFSET+60]+[%VOFFSET+110] '%H:%M' -font `fc-match -f '%{file[0]}' '%DATE_FONT_NAME'` -pointsize %DATE_FONT_SIZE -fill '#00000044' -annotate 0x0+[%HOFFSET+58]+[%VOFFSET+58] '%A, %B %d' -fill white -annotate 0x0+[%HOFFSET+60]+[%VOFFSET+60] '%A, %B %d''
INFO: 2021-01-29 18:40:39,037: log_options() 'clock_font = Ubuntu Condensed, 70'
INFO: 2021-01-29 18:40:39,038: log_options() 'configfile = /home/suvratam/.config/variety/variety.conf'
INFO: 2021-01-29 18:40:39,038: log_options() 'copyto_enabled = False'
INFO: 2021-01-29 18:40:39,038: log_options() 'copyto_folder = Default'
INFO: 2021-01-29 18:40:39,038: log_options() 'desired_color = [160, 160, 160]'
INFO: 2021-01-29 18:40:39,038: log_options() 'desired_color_enabled = False'
INFO: 2021-01-29 18:40:39,038: log_options() 'download_folder = /home/suvratam/.config/variety/Downloaded'
INFO: 2021-01-29 18:40:39,038: log_options() 'download_preference_ratio = 0.9'
INFO: 2021-01-29 18:40:39,038: log_options() 'favorites_folder = /home/suvratam/.config/variety/Favorites'
INFO: 2021-01-29 18:40:39,038: log_options() 'favorites_operations = [['Downloaded', 'Copy'], ['Fetched', 'Move'], ['Others', 'Copy']]'
INFO: 2021-01-29 18:40:39,038: log_options() 'fetched_folder = /home/suvratam/.config/variety/Fetched'
INFO: 2021-01-29 18:40:39,038: log_options() 'filters = [[False, 'Keep original', ''], [False, 'Grayscale', '-type Grayscale'], [False, 'Heavy blur', '-blur 120x40'], [False, 'Soft blur', '-blur 20x7'], [False, 'Oil painting', '-paint 8'], [False, 'Pointilism', '-spread 10 -noise 3'], [False, 'Pixellate', '-scale 3% -scale 3333%']]'
INFO: 2021-01-29 18:40:39,038: log_options() 'icon = Light'
INFO: 2021-01-29 18:40:39,038: log_options() 'lightness_enabled = False'
INFO: 2021-01-29 18:40:39,038: log_options() 'lightness_mode = 0'
INFO: 2021-01-29 18:40:39,038: log_options() 'min_rating = 4'
INFO: 2021-01-29 18:40:39,038: log_options() 'min_rating_enabled = False'
INFO: 2021-01-29 18:40:39,038: log_options() 'min_size = 80'
INFO: 2021-01-29 18:40:39,038: log_options() 'min_size_enabled = True'
INFO: 2021-01-29 18:40:39,038: log_options() 'quota_enabled = True'
INFO: 2021-01-29 18:40:39,038: log_options() 'quota_size = 1000'
INFO: 2021-01-29 18:40:39,038: log_options() 'quotes_authors = '
INFO: 2021-01-29 18:40:39,038: log_options() 'quotes_bg_color = [80, 80, 80]'
INFO: 2021-01-29 18:40:39,038: log_options() 'quotes_bg_opacity = 55'
INFO: 2021-01-29 18:40:39,038: log_options() 'quotes_change_enabled = False'
INFO: 2021-01-29 18:40:39,038: log_options() 'quotes_change_interval = 300'
INFO: 2021-01-29 18:40:39,038: log_options() 'quotes_disabled_sources = ['Urban Dictionary']'
INFO: 2021-01-29 18:40:39,038: log_options() 'quotes_enabled = False'
INFO: 2021-01-29 18:40:39,039: log_options() 'quotes_favorites_file = /home/suvratam/.config/variety/favorite_quotes.txt'
INFO: 2021-01-29 18:40:39,039: log_options() 'quotes_font = Bitstream Charter 30'
INFO: 2021-01-29 18:40:39,039: log_options() 'quotes_hpos = 100'
INFO: 2021-01-29 18:40:39,039: log_options() 'quotes_max_length = 250'
INFO: 2021-01-29 18:40:39,039: log_options() 'quotes_tags = '
INFO: 2021-01-29 18:40:39,039: log_options() 'quotes_text_color = [255, 255, 255]'
INFO: 2021-01-29 18:40:39,039: log_options() 'quotes_text_shadow = False'
INFO: 2021-01-29 18:40:39,039: log_options() 'quotes_vpos = 40'
INFO: 2021-01-29 18:40:39,039: log_options() 'quotes_width = 70'
INFO: 2021-01-29 18:40:39,039: log_options() 'safe_mode = False'
INFO: 2021-01-29 18:40:39,039: log_options() 'slideshow_custom_enabled = False'
INFO: 2021-01-29 18:40:39,039: log_options() 'slideshow_custom_folder = /home/suvratam/Pictures'
INFO: 2021-01-29 18:40:39,039: log_options() 'slideshow_downloads_enabled = False'
INFO: 2021-01-29 18:40:39,039: log_options() 'slideshow_fade = 0.4'
INFO: 2021-01-29 18:40:39,039: log_options() 'slideshow_favorites_enabled = True'
INFO: 2021-01-29 18:40:39,039: log_options() 'slideshow_mode = Fullscreen'
INFO: 2021-01-29 18:40:39,039: log_options() 'slideshow_monitor = All'
INFO: 2021-01-29 18:40:39,039: log_options() 'slideshow_pan = 0.05'
INFO: 2021-01-29 18:40:39,039: log_options() 'slideshow_seconds = 6.0'
INFO: 2021-01-29 18:40:39,039: log_options() 'slideshow_sort_order = Random'
INFO: 2021-01-29 18:40:39,039: log_options() 'slideshow_sources_enabled = True'
INFO: 2021-01-29 18:40:39,039: log_options() 'slideshow_zoom = 0.2'
INFO: 2021-01-29 18:40:39,039: log_options() 'smart_enabled = False'
INFO: 2021-01-29 18:40:39,039: log_options() 'smart_notice_shown = False'
INFO: 2021-01-29 18:40:39,039: log_options() 'smart_register_shown = False'
INFO: 2021-01-29 18:40:39,039: log_options() 'sources = [[True, 'favorites', 'The Favorites folder'], [False, 'fetched', 'The Fetched folder'], [False, 'folder', '/usr/share/backgrounds'], [False, 'flickr', 'user:www.flickr.com/photos/peter-levi/;user_id:93647178@N00;'], [False, 'apod', "NASA's Astronomy Picture of the Day"], [False, 'bing', 'Bing Photo of the Day'], [False, 'earthview', 'Google Earth View Wallpapers'], [False, 'unsplash', 'High-resolution photos from Unsplash.com']]'
INFO: 2021-01-29 18:40:39,039: log_options() 'stats_enabled = True'
INFO: 2021-01-29 18:40:39,039: log_options() 'stats_notice_shown = False'
INFO: 2021-01-29 18:40:39,040: log_options() 'sync_enabled = True'
INFO: 2021-01-29 18:40:39,040: log_options() 'use_landscape_enabled = True'
INFO: 2021-01-29 18:40:39,040: reload_config() 'No need to clear prepared queue'
INFO: 2021-01-29 18:40:39,040: update_indicator() 'Setting file info to: /usr/share/backgrounds/arcolinux/sea-whale.jpg'
INFO: 2021-01-29 18:40:39,042: regular_change_thread() 'regular_change: waiting till user resumes'
INFO: 2021-01-29 18:40:39,042: prepare_thread() 'Prepared buffer contains 0 images'
INFO: 2021-01-29 18:40:39,042: prepare_thread() 'Preparing some images'
INFO: 2021-01-29 18:40:39,042: prepare_thread() 'After search prepared buffer contains 0 images'
INFO: 2021-01-29 18:40:39,142: do_set_wp() 'Calling do_set_wp with /usr/share/backgrounds/arcolinux/sea-whale.jpg, time: 1611925839.1428897'
INFO: 2021-01-29 18:40:39,199: update_indicator() 'Setting file info to: /usr/share/backgrounds/arcolinux/sea-whale.jpg'
INFO: 2021-01-29 18:40:41,043: trigger_download() 'Triggering download thread to check if download needed'
INFO: 2021-01-29 18:40:41,797: update_indicator() 'Setting file info to: /usr/share/backgrounds/arcolinux/sea-whale.jpg'
INFO: 2021-01-29 18:40:58,966: reload() 'Reloading preferences dialog'
INFO: 2021-01-29 18:41:45,134: apply() 'Applying preferences'
INFO: 2021-01-29 18:41:45,143: log_options() 'Loaded options:'
INFO: 2021-01-29 18:41:45,144: set_visible() 'Showing indicator icon'
INFO: 2021-01-29 18:41:45,144: log_options() 'change_enabled = False'
INFO: 2021-01-29 18:41:45,144: set_from_theme_icon() 'Showing indicator icon variety-indicator from GTK theme'
INFO: 2021-01-29 18:41:45,144: log_options() 'change_interval = 300'
INFO: 2021-01-29 18:41:45,144: log_options() 'change_on_start = False'
INFO: 2021-01-29 18:41:45,144: log_options() 'clipboard_enabled = False'
INFO: 2021-01-29 18:41:45,144: log_options() 'clipboard_hosts = ['wallhaven.cc', 'wallpapers.net', 'flickr.com', 'imgur.com', 'deviantart.com', 'interfacelift.com', 'vladstudio.com', 'imageshack.us', 'deviantart.net', 'imageshack.com']'
INFO: 2021-01-29 18:41:45,144: log_options() 'clipboard_use_whitelist = True'
INFO: 2021-01-29 18:41:45,144: log_options() 'clock_date_font = Ubuntu Condensed, 30'
INFO: 2021-01-29 18:41:45,144: log_options() 'clock_enabled = False'
INFO: 2021-01-29 18:41:45,144: log_options() 'clock_filter = -density 100 -font `fc-match -f '%{file[0]}' '%CLOCK_FONT_NAME'` -pointsize %CLOCK_FONT_SIZE -gravity SouthEast -fill '#00000044' -annotate 0x0+[%HOFFSET+58]+[%VOFFSET+108] '%H:%M' -fill white -annotate 0x0+[%HOFFSET+60]+[%VOFFSET+110] '%H:%M' -font `fc-match -f '%{file[0]}' '%DATE_FONT_NAME'` -pointsize %DATE_FONT_SIZE -fill '#00000044' -annotate 0x0+[%HOFFSET+58]+[%VOFFSET+58] '%A, %B %d' -fill white -annotate 0x0+[%HOFFSET+60]+[%VOFFSET+60] '%A, %B %d''
INFO: 2021-01-29 18:41:45,144: log_options() 'clock_font = Ubuntu Condensed, 70'
INFO: 2021-01-29 18:41:45,144: log_options() 'configfile = /home/suvratam/.config/variety/variety.conf'
INFO: 2021-01-29 18:41:45,144: log_options() 'copyto_enabled = False'
INFO: 2021-01-29 18:41:45,144: log_options() 'copyto_folder = Default'
INFO: 2021-01-29 18:41:45,144: log_options() 'desired_color = [160, 160, 160]'
INFO: 2021-01-29 18:41:45,144: log_options() 'desired_color_enabled = False'
INFO: 2021-01-29 18:41:45,144: log_options() 'download_folder = /home/suvratam/.config/variety/Downloaded'
INFO: 2021-01-29 18:41:45,144: log_options() 'download_preference_ratio = 0.9'
INFO: 2021-01-29 18:41:45,144: log_options() 'favorites_folder = /home/suvratam/.config/variety/Favorites'
INFO: 2021-01-29 18:41:45,144: log_options() 'favorites_operations = [['Downloaded', 'Copy'], ['Fetched', 'Move'], ['Others', 'Copy']]'
INFO: 2021-01-29 18:41:45,145: log_options() 'fetched_folder = /home/suvratam/.config/variety/Fetched'
INFO: 2021-01-29 18:41:45,145: log_options() 'filters = [[False, 'Keep original', ''], [False, 'Grayscale', '-type Grayscale'], [False, 'Heavy blur', '-blur 120x40'], [False, 'Soft blur', '-blur 20x7'], [False, 'Oil painting', '-paint 8'], [False, 'Pointilism', '-spread 10 -noise 3'], [False, 'Pixellate', '-scale 3% -scale 3333%']]'
INFO: 2021-01-29 18:41:45,145: log_options() 'icon = Light'
INFO: 2021-01-29 18:41:45,145: log_options() 'lightness_enabled = False'
INFO: 2021-01-29 18:41:45,145: log_options() 'lightness_mode = 0'
INFO: 2021-01-29 18:41:45,145: log_options() 'min_rating = 4'
INFO: 2021-01-29 18:41:45,145: log_options() 'min_rating_enabled = False'
INFO: 2021-01-29 18:41:45,145: log_options() 'min_size = 80'
INFO: 2021-01-29 18:41:45,145: log_options() 'min_size_enabled = True'
INFO: 2021-01-29 18:41:45,145: log_options() 'quota_enabled = True'
INFO: 2021-01-29 18:41:45,145: log_options() 'quota_size = 1000'
INFO: 2021-01-29 18:41:45,145: log_options() 'quotes_authors = '
INFO: 2021-01-29 18:41:45,145: log_options() 'quotes_bg_color = [80, 80, 80]'
INFO: 2021-01-29 18:41:45,145: log_options() 'quotes_bg_opacity = 55'
INFO: 2021-01-29 18:41:45,145: log_options() 'quotes_change_enabled = False'
INFO: 2021-01-29 18:41:45,145: log_options() 'quotes_change_interval = 300'
INFO: 2021-01-29 18:41:45,145: log_options() 'quotes_disabled_sources = ['Urban Dictionary']'
INFO: 2021-01-29 18:41:45,145: log_options() 'quotes_enabled = False'
INFO: 2021-01-29 18:41:45,145: log_options() 'quotes_favorites_file = /home/suvratam/.config/variety/favorite_quotes.txt'
INFO: 2021-01-29 18:41:45,145: log_options() 'quotes_font = Bitstream Charter 30'
INFO: 2021-01-29 18:41:45,145: log_options() 'quotes_hpos = 100'
INFO: 2021-01-29 18:41:45,145: log_options() 'quotes_max_length = 250'
INFO: 2021-01-29 18:41:45,145: log_options() 'quotes_tags = '
INFO: 2021-01-29 18:41:45,145: log_options() 'quotes_text_color = [255, 255, 255]'
INFO: 2021-01-29 18:41:45,145: log_options() 'quotes_text_shadow = False'
INFO: 2021-01-29 18:41:45,145: log_options() 'quotes_vpos = 40'
INFO: 2021-01-29 18:41:45,145: log_options() 'quotes_width = 70'
INFO: 2021-01-29 18:41:45,145: log_options() 'safe_mode = False'
INFO: 2021-01-29 18:41:45,145: log_options() 'slideshow_custom_enabled = False'
INFO: 2021-01-29 18:41:45,145: log_options() 'slideshow_custom_folder = /home/suvratam/Pictures'
INFO: 2021-01-29 18:41:45,145: log_options() 'slideshow_downloads_enabled = False'
INFO: 2021-01-29 18:41:45,145: log_options() 'slideshow_fade = 0.4'
INFO: 2021-01-29 18:41:45,145: log_options() 'slideshow_favorites_enabled = True'
INFO: 2021-01-29 18:41:45,145: log_options() 'slideshow_mode = Fullscreen'
INFO: 2021-01-29 18:41:45,145: log_options() 'slideshow_monitor = All'
INFO: 2021-01-29 18:41:45,145: log_options() 'slideshow_pan = 0.05'
INFO: 2021-01-29 18:41:45,145: log_options() 'slideshow_seconds = 6.0'
INFO: 2021-01-29 18:41:45,145: log_options() 'slideshow_sort_order = Random'
INFO: 2021-01-29 18:41:45,146: log_options() 'slideshow_sources_enabled = True'
INFO: 2021-01-29 18:41:45,146: log_options() 'slideshow_zoom = 0.2'
INFO: 2021-01-29 18:41:45,146: log_options() 'smart_enabled = False'
INFO: 2021-01-29 18:41:45,146: log_options() 'smart_notice_shown = False'
INFO: 2021-01-29 18:41:45,146: log_options() 'smart_register_shown = False'
INFO: 2021-01-29 18:41:45,146: log_options() 'sources = [[True, 'favorites', 'The Favorites folder'], [False, 'fetched', 'The Fetched folder'], [False, 'folder', '/usr/share/backgrounds'], [False, 'flickr', 'user:www.flickr.com/photos/peter-levi/;user_id:93647178@N00;'], [False, 'apod', "NASA's Astronomy Picture of the Day"], [False, 'bing', 'Bing Photo of the Day'], [False, 'earthview', 'Google Earth View Wallpapers'], [False, 'unsplash', 'High-resolution photos from Unsplash.com']]'
INFO: 2021-01-29 18:41:45,146: log_options() 'stats_enabled = True'
INFO: 2021-01-29 18:41:45,146: log_options() 'stats_notice_shown = False'
INFO: 2021-01-29 18:41:45,146: log_options() 'sync_enabled = True'
INFO: 2021-01-29 18:41:45,146: log_options() 'use_landscape_enabled = True'
INFO: 2021-01-29 18:41:45,146: reload_config() 'No need to clear prepared queue'
INFO: 2021-01-29 18:41:45,146: update_indicator() 'Setting file info to: /usr/share/backgrounds/arcolinux/sea-whale.jpg'
INFO: 2021-01-29 18:41:45,147: regular_change_thread() 'regular_change: waiting till user resumes'
INFO: 2021-01-29 18:41:45,147: prepare_thread() 'Prepared buffer contains 0 images'
INFO: 2021-01-29 18:41:45,147: prepare_thread() 'Preparing some images'
INFO: 2021-01-29 18:41:45,148: prepare_thread() 'After search prepared buffer contains 0 images'
INFO: 2021-01-29 18:41:45,248: do_set_wp() 'Calling do_set_wp with /usr/share/backgrounds/arcolinux/sea-whale.jpg, time: 1611925905.2484558'
INFO: 2021-01-29 18:41:45,302: update_indicator() 'Setting file info to: /usr/share/backgrounds/arcolinux/sea-whale.jpg'
INFO: 2021-01-29 18:41:47,149: trigger_download() 'Triggering download thread to check if download needed'
INFO: 2021-01-29 18:41:54,634: trigger_download() 'Triggering download thread to check if download needed'
INFO: 2021-01-29 18:41:54,733: apply() 'Applying preferences'
INFO: 2021-01-29 18:41:54,749: set_visible() 'Showing indicator icon'
INFO: 2021-01-29 18:41:54,750: set_from_theme_icon() 'Showing indicator icon variety-indicator from GTK theme'
INFO: 2021-01-29 18:41:54,751: log_options() 'Loaded options:'
INFO: 2021-01-29 18:41:54,751: log_options() 'change_enabled = False'
INFO: 2021-01-29 18:41:54,751: log_options() 'change_interval = 300'
INFO: 2021-01-29 18:41:54,751: log_options() 'change_on_start = False'
INFO: 2021-01-29 18:41:54,751: log_options() 'clipboard_enabled = False'
INFO: 2021-01-29 18:41:54,751: log_options() 'clipboard_hosts = ['wallhaven.cc', 'wallpapers.net', 'flickr.com', 'imgur.com', 'deviantart.com', 'interfacelift.com', 'vladstudio.com', 'imageshack.us', 'deviantart.net', 'imageshack.com']'
INFO: 2021-01-29 18:41:54,751: log_options() 'clipboard_use_whitelist = True'
INFO: 2021-01-29 18:41:54,751: log_options() 'clock_date_font = Ubuntu Condensed, 30'
INFO: 2021-01-29 18:41:54,751: log_options() 'clock_enabled = False'
INFO: 2021-01-29 18:41:54,752: log_options() 'clock_filter = -density 100 -font `fc-match -f '%{file[0]}' '%CLOCK_FONT_NAME'` -pointsize %CLOCK_FONT_SIZE -gravity SouthEast -fill '#00000044' -annotate 0x0+[%HOFFSET+58]+[%VOFFSET+108] '%H:%M' -fill white -annotate 0x0+[%HOFFSET+60]+[%VOFFSET+110] '%H:%M' -font `fc-match -f '%{file[0]}' '%DATE_FONT_NAME'` -pointsize %DATE_FONT_SIZE -fill '#00000044' -annotate 0x0+[%HOFFSET+58]+[%VOFFSET+58] '%A, %B %d' -fill white -annotate 0x0+[%HOFFSET+60]+[%VOFFSET+60] '%A, %B %d''
INFO: 2021-01-29 18:41:54,752: log_options() 'clock_font = Ubuntu Condensed, 70'
INFO: 2021-01-29 18:41:54,752: log_options() 'configfile = /home/suvratam/.config/variety/variety.conf'
INFO: 2021-01-29 18:41:54,752: log_options() 'copyto_enabled = False'
INFO: 2021-01-29 18:41:54,752: log_options() 'copyto_folder = Default'
INFO: 2021-01-29 18:41:54,752: log_options() 'desired_color = [160, 160, 160]'
INFO: 2021-01-29 18:41:54,752: log_options() 'desired_color_enabled = False'
INFO: 2021-01-29 18:41:54,752: log_options() 'download_folder = /home/suvratam/.config/variety/Downloaded'
INFO: 2021-01-29 18:41:54,752: log_options() 'download_preference_ratio = 0.9'
INFO: 2021-01-29 18:41:54,752: log_options() 'favorites_folder = /home/suvratam/.config/variety/Favorites'
INFO: 2021-01-29 18:41:54,752: log_options() 'favorites_operations = [['Downloaded', 'Copy'], ['Fetched', 'Move'], ['Others', 'Copy']]'
INFO: 2021-01-29 18:41:54,752: log_options() 'fetched_folder = /home/suvratam/.config/variety/Fetched'
INFO: 2021-01-29 18:41:54,753: log_options() 'filters = [[False, 'Keep original', ''], [False, 'Grayscale', '-type Grayscale'], [False, 'Heavy blur', '-blur 120x40'], [False, 'Soft blur', '-blur 20x7'], [False, 'Oil painting', '-paint 8'], [False, 'Pointilism', '-spread 10 -noise 3'], [False, 'Pixellate', '-scale 3% -scale 3333%']]'
INFO: 2021-01-29 18:41:54,753: log_options() 'icon = Light'
INFO: 2021-01-29 18:41:54,753: log_options() 'lightness_enabled = False'
INFO: 2021-01-29 18:41:54,753: log_options() 'lightness_mode = 0'
INFO: 2021-01-29 18:41:54,753: log_options() 'min_rating = 4'
INFO: 2021-01-29 18:41:54,753: log_options() 'min_rating_enabled = False'
INFO: 2021-01-29 18:41:54,753: log_options() 'min_size = 80'
INFO: 2021-01-29 18:41:54,753: log_options() 'min_size_enabled = True'
INFO: 2021-01-29 18:41:54,753: log_options() 'quota_enabled = True'
INFO: 2021-01-29 18:41:54,753: log_options() 'quota_size = 1000'
INFO: 2021-01-29 18:41:54,753: log_options() 'quotes_authors = '
INFO: 2021-01-29 18:41:54,753: log_options() 'quotes_bg_color = [80, 80, 80]'
INFO: 2021-01-29 18:41:54,754: log_options() 'quotes_bg_opacity = 55'
INFO: 2021-01-29 18:41:54,754: log_options() 'quotes_change_enabled = False'
INFO: 2021-01-29 18:41:54,754: log_options() 'quotes_change_interval = 300'
INFO: 2021-01-29 18:41:54,754: log_options() 'quotes_disabled_sources = ['Urban Dictionary']'
INFO: 2021-01-29 18:41:54,754: log_options() 'quotes_enabled = False'
INFO: 2021-01-29 18:41:54,754: log_options() 'quotes_favorites_file = /home/suvratam/.config/variety/favorite_quotes.txt'
INFO: 2021-01-29 18:41:54,754: log_options() 'quotes_font = Bitstream Charter 30'
INFO: 2021-01-29 18:41:54,754: log_options() 'quotes_hpos = 100'
INFO: 2021-01-29 18:41:54,754: log_options() 'quotes_max_length = 250'
INFO: 2021-01-29 18:41:54,754: log_options() 'quotes_tags = '
INFO: 2021-01-29 18:41:54,754: log_options() 'quotes_text_color = [255, 255, 255]'
INFO: 2021-01-29 18:41:54,754: log_options() 'quotes_text_shadow = False'
INFO: 2021-01-29 18:41:54,755: log_options() 'quotes_vpos = 40'
INFO: 2021-01-29 18:41:54,755: log_options() 'quotes_width = 70'
INFO: 2021-01-29 18:41:54,755: log_options() 'safe_mode = False'
INFO: 2021-01-29 18:41:54,755: log_options() 'slideshow_custom_enabled = False'
INFO: 2021-01-29 18:41:54,755: log_options() 'slideshow_custom_folder = /home/suvratam/Pictures'
INFO: 2021-01-29 18:41:54,755: log_options() 'slideshow_downloads_enabled = False'
INFO: 2021-01-29 18:41:54,755: log_options() 'slideshow_fade = 0.4'
INFO: 2021-01-29 18:41:54,755: log_options() 'slideshow_favorites_enabled = True'
INFO: 2021-01-29 18:41:54,755: log_options() 'slideshow_mode = Fullscreen'
INFO: 2021-01-29 18:41:54,755: log_options() 'slideshow_monitor = All'
INFO: 2021-01-29 18:41:54,755: log_options() 'slideshow_pan = 0.05'
INFO: 2021-01-29 18:41:54,755: log_options() 'slideshow_seconds = 6.0'
INFO: 2021-01-29 18:41:54,755: log_options() 'slideshow_sort_order = Random'
INFO: 2021-01-29 18:41:54,756: log_options() 'slideshow_sources_enabled = True'
INFO: 2021-01-29 18:41:54,756: log_options() 'slideshow_zoom = 0.2'
INFO: 2021-01-29 18:41:54,756: log_options() 'smart_enabled = False'
INFO: 2021-01-29 18:41:54,756: log_options() 'smart_notice_shown = False'
INFO: 2021-01-29 18:41:54,756: log_options() 'smart_register_shown = False'
INFO: 2021-01-29 18:41:54,756: log_options() 'sources = [[True, 'favorites', 'The Favorites folder'], [False, 'fetched', 'The Fetched folder'], [False, 'folder', '/usr/share/backgrounds'], [False, 'flickr', 'user:www.flickr.com/photos/peter-levi/;user_id:93647178@N00;'], [False, 'apod', "NASA's Astronomy Picture of the Day"], [False, 'bing', 'Bing Photo of the Day'], [False, 'earthview', 'Google Earth View Wallpapers'], [False, 'unsplash', 'High-resolution photos from Unsplash.com']]'
INFO: 2021-01-29 18:41:54,756: log_options() 'stats_enabled = True'
INFO: 2021-01-29 18:41:54,756: log_options() 'stats_notice_shown = False'
INFO: 2021-01-29 18:41:54,756: log_options() 'sync_enabled = True'
INFO: 2021-01-29 18:41:54,756: log_options() 'use_landscape_enabled = True'
INFO: 2021-01-29 18:41:54,756: reload_config() 'No need to clear prepared queue'
INFO: 2021-01-29 18:41:54,757: update_indicator() 'Setting file info to: /usr/share/backgrounds/arcolinux/sea-whale.jpg'
INFO: 2021-01-29 18:41:54,760: regular_change_thread() 'regular_change: waiting till user resumes'
INFO: 2021-01-29 18:41:54,761: prepare_thread() 'Prepared buffer contains 0 images'
INFO: 2021-01-29 18:41:54,761: prepare_thread() 'Preparing some images'
INFO: 2021-01-29 18:41:54,761: prepare_thread() 'After search prepared buffer contains 0 images'
INFO: 2021-01-29 18:41:54,861: do_set_wp() 'Calling do_set_wp with /usr/share/backgrounds/arcolinux/sea-whale.jpg, time: 1611925914.8615935'
INFO: 2021-01-29 18:41:54,918: update_indicator() 'Setting file info to: /usr/share/backgrounds/arcolinux/sea-whale.jpg'
INFO: 2021-01-29 18:41:56,762: trigger_download() 'Triggering download thread to check if download needed'
